<?xml version="1.0" encoding="UTF-8"?>
<!-- Generated by org.testng.reporters.JUnitReportReporter -->
<testsuite hostname="DESKTOP-7T9024J" failures="0" tests="1" name="io.ctdev.AppTest" time="16.253" errors="0" timestamp="26 Aug 2020 13:26:13 GMT" skipped="0">
  <testcase classname="io.ctdev.AppTest" name="shouldAnswerWithTrue" time="16.253"/>
</testsuite> <!-- io.ctdev.AppTest -->
