<?xml version="1.0" encoding="UTF-8"?>
<!-- Generated by org.testng.reporters.JUnitReportReporter -->
<testsuite skipped="0" hostname="3102LW00003" name="io.ctdev.AppTest" tests="1" failures="0" timestamp="19 Aug 2020 21:35:17 GMT" time="0.008" errors="0">
  <testcase name="shouldAnswerWithTrue" time="0.008" classname="io.ctdev.AppTest"/>
</testsuite> <!-- io.ctdev.AppTest -->
